<?xml version="1.0" encoding="UTF-8"?>
<!-- Generated by org.testng.reporters.JUnitReportReporter -->
<testsuite hostname="Prasanna" failures="0" tests="3" name="driverFactory.DriverScript" time="121.508" errors="0" timestamp="7 Oct 2024 06:37:00 GMT">
  <testcase classname="driverFactory.DriverScript" name="addingCustomer" time="58.020"/>
  <testcase classname="driverFactory.DriverScript" name="adminLoginValidation" time="5.052"/>
  <testcase classname="driverFactory.DriverScript" name="deleteCustomer" time="58.436"/>
</testsuite> <!-- driverFactory.DriverScript -->
