<?xml version="1.0" encoding="UTF-8"?>
<!-- Generated by org.testng.reporters.JUnitReportReporter -->
<testsuite hostname="Prasanna" failures="0" tests="2" name="driverFactory.DriverScript" time="65.734" errors="0" timestamp="6 Oct 2024 12:09:13 GMT">
  <testcase classname="driverFactory.DriverScript" name="addingCustomer" time="61.190"/>
  <testcase classname="driverFactory.DriverScript" name="adminLoginValidation" time="4.544"/>
</testsuite> <!-- driverFactory.DriverScript -->
