<?xml version="1.0" encoding="UTF-8"?>
<!-- Generated by org.testng.reporters.JUnitReportReporter -->
<testsuite hostname="Prasanna" failures="0" tests="1" name="driverFactory.DriverScript" time="60.465" errors="0" timestamp="7 Oct 2024 06:28:18 GMT">
  <testcase classname="driverFactory.DriverScript" name="deleteCustomer" time="60.465"/>
</testsuite> <!-- driverFactory.DriverScript -->
