<?xml version="1.0" encoding="UTF-8"?>
<!-- Generated by org.testng.reporters.JUnitReportReporter -->
<testsuite hostname="Prasanna" failures="0" tests="3" name="driverFactory.DriverScript" time="92.341" errors="0" timestamp="7 Oct 2024 11:51:07 GMT">
  <testcase classname="driverFactory.DriverScript" name="adminLoginValidation" time="3.331"/>
  <testcase classname="driverFactory.DriverScript" name="deleteCustomer" time="40.851"/>
  <testcase classname="driverFactory.DriverScript" name="addingCustomer" time="48.159"/>
</testsuite> <!-- driverFactory.DriverScript -->
